<?xml version="1.0" encoding="utf-8"?><testsuites name="pytest tests"><testsuite name="pytest" errors="0" failures="0" skipped="0" tests="4" time="0.006" timestamp="2026-09-07T01:26:52.944396+08:00" hostname="LogandeMac-mini.local"><testcase classname="tests.test_arithmetic" name="test_synthetic_daily_minus_half_compounding" time="0.000" /><testcase classname="tests.test_arithmetic" name="test_synthetic_invalid_index_is_rejected[levels0]" time="0.000" /><testcase classname="tests.test_arithmetic" name="test_synthetic_invalid_index_is_rejected[levels1]" time="0.000" /><testcase classname="tests.test_arithmetic" name="test_synthetic_invalid_index_is_rejected[levels2]" time="0.000" /></testsuite></testsuites>