<?xml version="1.0" encoding="utf-8"?><testsuites name="pytest tests"><testsuite name="pytest" errors="0" failures="0" skipped="0" tests="12" time="0.194" timestamp="2026-09-07T02:09:38.991284+08:00" hostname="LogandeMac-mini.local"><testcase classname="tests.test_arithmetic" name="test_synthetic_daily_minus_half_compounding" time="0.000" /><testcase classname="tests.test_arithmetic" name="test_synthetic_invalid_index_is_rejected[levels0]" time="0.000" /><testcase classname="tests.test_arithmetic" name="test_synthetic_invalid_index_is_rejected[levels1]" time="0.000" /><testcase classname="tests.test_arithmetic" name="test_synthetic_invalid_index_is_rejected[levels2]" time="0.000" /><testcase classname="tests.test_data" name="test_expiration_day_rolls_and_does_not_relabel_missing_front" time="0.001" /><testcase classname="tests.test_data" name="test_catalog_uses_only_monthly_and_rejects_gap" time="0.000" /><testcase classname="tests.test_data" name="test_vx_uses_settlement_and_checks_identity" time="0.004" /><testcase classname="tests.test_data" name="test_reject_duplicate_or_invalid_index[01/02/2019,12\n01/02/2019,13\n]" time="0.001" /><testcase classname="tests.test_data" name="test_reject_duplicate_or_invalid_index[01/02/2019,nan\n]" time="0.001" /><testcase classname="tests.test_data" name="test_reject_duplicate_or_invalid_index[01/02/2019,-1\n]" time="0.001" /><testcase classname="tests.test_data" name="test_coverage_does_not_count_off_calendar_values" time="0.000" /><testcase classname="tests.test_data" name="test_local_import_checks_hash_and_preserves_original" time="0.001" /></testsuite></testsuites>