<?xml version="1.0" encoding="utf-8"?><testsuites name="pytest tests"><testsuite name="pytest" errors="0" failures="0" skipped="0" tests="136" time="4.060" timestamp="2026-09-07T18:57:11.178188+08:00" hostname="LogandeMac-mini.local"><testcase classname="tests.test_arithmetic" name="test_synthetic_daily_minus_half_compounding" time="0.000" /><testcase classname="tests.test_arithmetic" name="test_synthetic_invalid_index_is_rejected[levels0]" time="0.000" /><testcase classname="tests.test_arithmetic" name="test_synthetic_invalid_index_is_rejected[levels1]" time="0.000" /><testcase classname="tests.test_arithmetic" name="test_synthetic_invalid_index_is_rejected[levels2]" time="0.000" /><testcase classname="tests.test_capital" name="test_two_asset_ledger_split_dividend_and_two_leg_cost" time="0.108" /><testcase classname="tests.test_capital" name="test_pool_never_refills_and_weight_is_not_loss_cap_for_rebalancing" time="0.012" /><testcase classname="tests.test_capital" name="test_recovery_dates_include_unrecovered_tail" time="0.000" /><testcase classname="tests.test_capital" name="test_compounded_bridge_sums_to_terminal_difference" time="0.001" /><testcase classname="tests.test_data" name="test_expiration_day_rolls_and_does_not_relabel_missing_front" time="0.001" /><testcase classname="tests.test_data" name="test_catalog_uses_only_monthly_and_rejects_gap" time="0.000" /><testcase classname="tests.test_data" name="test_vx_uses_settlement_and_checks_identity" time="0.007" /><testcase classname="tests.test_data" name="test_reject_duplicate_or_invalid_index[01/02/2019,12\n01/02/2019,13\n]" time="0.001" /><testcase classname="tests.test_data" name="test_reject_duplicate_or_invalid_index[01/02/2019,nan\n]" time="0.001" /><testcase classname="tests.test_data" name="test_reject_duplicate_or_invalid_index[01/02/2019,-1\n]" time="0.001" /><testcase classname="tests.test_data" name="test_coverage_does_not_count_off_calendar_values" time="0.000" /><testcase classname="tests.test_data" name="test_local_import_checks_hash_and_preserves_original" time="0.001" /><testcase classname="tests.test_data" name="test_empty_content_type_http_failure_is_preserved" time="0.001" /><testcase classname="tests.test_data" name="test_yahoo_preserves_provider_values_and_restores_then_share_units" time="0.004" /><testcase classname="tests.test_data" name="test_absent_dividend_request_is_not_zero_dividends" time="0.000" /><testcase classname="tests.test_data" name="test_dividend_is_preserved_in_then_share_units" time="0.004" /><testcase classname="tests.test_data" name="test_yahoo_rejects_missing_bar_without_filling" time="0.001" /><testcase classname="tests.test_data" name="test_yahoo_rejects_wrong_symbol" time="0.000" /><testcase classname="tests.test_diagnostics" name="test_column_ablation_removes_only_specified_columns_and_dependent_interactions" time="0.000" /><testcase classname="tests.test_diagnostics" name="test_recency_age_uses_uncompressed_equity_sessions_and_normalized_count" time="0.000" /><testcase classname="tests.test_diagnostics" name="test_p6_full_design_and_fit_reproduce_original_p4" time="0.116" /><testcase classname="tests.test_diagnostics" name="test_skew_cohort_filters_train_validation_and_current_without_fill" time="0.021" /><testcase classname="tests.test_diagnostics" name="test_deleted_missing_core_feature_does_not_expand_comparison_cohort" time="0.013" /><testcase classname="tests.test_diagnostics" name="test_weighted_ridge_matches_direct_penalized_normal_equation" time="0.009" /><testcase classname="tests.test_diagnostics" name="test_weighted_quantile_and_probability_fallback" time="0.010" /><testcase classname="tests.test_diagnostics" name="test_future_perturbation_cannot_change_m3_training_or_transform" time="0.037" /><testcase classname="tests.test_diagnostics" name="test_moving_blocks_preserve_calendar_gaps_and_identical_pair_zero" time="0.000" /><testcase classname="tests.test_diagnostics" name="test_unscorable_tail_coverage_stays_missing_not_zero" time="0.002" /><testcase classname="tests.test_diagnostics" name="test_resampled_account_statistics_include_capital_anchor_and_five_returns" time="0.000" /><testcase classname="tests.test_diagnostics" name="test_saved_numpy_calendar_is_accepted_by_independent_bootstrap_audit" time="0.013" /><testcase classname="tests.test_economics" name="test_fixed_formula_strict_mu_boundary_q_zero_and_capacity_cap" time="0.090" /><testcase classname="tests.test_economics" name="test_future_score_and_probability_cannot_gate_tail_trades" time="0.013" /><testcase classname="tests.test_economics" name="test_missing_prediction_keeps_real_shares_and_cash_without_rebalancing" time="0.009" /><testcase classname="tests.test_economics" name="test_common_start_is_cash_reset_with_first_executable_order" time="0.010" /><testcase classname="tests.test_economics" name="test_one_more_session_delay_preserves_original_signal_and_no_early_profit" time="0.008" /><testcase classname="tests.test_economics" name="test_gross_same_targets_does_not_change_mu_filter" time="0.011" /><testcase classname="tests.test_economics" name="test_metrics_include_initial_fee_and_exclude_anchor_from_exposure" time="0.010" /><testcase classname="tests.test_economics" name="test_bounded_input_never_converts_or_exposes_locked_outcome" time="0.001" /><testcase classname="tests.test_economics" name="test_future_price_or_prediction_mutation_cannot_change_earlier_account" time="0.016" /><testcase classname="tests.test_economics" name="test_sensitivity_is_only_original_single_factors" time="0.000" /><testcase classname="tests.test_features" name="test_synthetic_every_dictionary_formula[A01]" time="0.074" /><testcase classname="tests.test_features" name="test_synthetic_every_dictionary_formula[A02]" time="0.013" /><testcase classname="tests.test_features" name="test_synthetic_every_dictionary_formula[A03]" time="0.012" /><testcase classname="tests.test_features" name="test_synthetic_every_dictionary_formula[A04]" time="0.012" /><testcase classname="tests.test_features" name="test_synthetic_every_dictionary_formula[A05]" time="0.012" /><testcase classname="tests.test_features" name="test_synthetic_every_dictionary_formula[B01]" time="0.012" /><testcase classname="tests.test_features" name="test_synthetic_every_dictionary_formula[B02]" time="0.012" /><testcase classname="tests.test_features" name="test_synthetic_every_dictionary_formula[B03]" time="0.012" /><testcase classname="tests.test_features" name="test_synthetic_every_dictionary_formula[C01]" time="0.018" /><testcase classname="tests.test_features" name="test_synthetic_every_dictionary_formula[C02]" time="0.012" /><testcase classname="tests.test_features" name="test_synthetic_every_dictionary_formula[C03]" time="0.012" /><testcase classname="tests.test_features" name="test_synthetic_every_dictionary_formula[D01]" time="0.012" /><testcase classname="tests.test_features" name="test_synthetic_every_dictionary_formula[D02]" time="0.012" /><testcase classname="tests.test_features" name="test_synthetic_every_dictionary_formula[D03]" time="0.012" /><testcase classname="tests.test_features" name="test_synthetic_every_dictionary_formula[E01]" time="0.012" /><testcase classname="tests.test_features" name="test_synthetic_every_dictionary_formula[F01]" time="0.012" /><testcase classname="tests.test_features" name="test_synthetic_every_dictionary_formula[F02]" time="0.012" /><testcase classname="tests.test_features" name="test_synthetic_every_dictionary_formula[F03]" time="0.012" /><testcase classname="tests.test_features" name="test_synthetic_every_dictionary_formula[F04]" time="0.013" /><testcase classname="tests.test_features" name="test_synthetic_every_dictionary_formula[G01]" time="0.013" /><testcase classname="tests.test_features" name="test_synthetic_every_dictionary_formula[G02]" time="0.013" /><testcase classname="tests.test_features" name="test_synthetic_warmup_distinguishes_returns_from_levels" time="0.014" /><testcase classname="tests.test_features" name="test_synthetic_a04_roll_uses_current_contract_at_both_endpoints" time="0.028" /><testcase classname="tests.test_features" name="test_synthetic_skew_gap_does_not_shrink_core_or_shift_calendar" time="0.023" /><testcase classname="tests.test_features" name="test_synthetic_missing_core_window_never_skips_or_fills" time="0.013" /><testcase classname="tests.test_features" name="test_synthetic_zero_semivariance_denominator_is_missing" time="0.016" /><testcase classname="tests.test_features" name="test_synthetic_history_boundary_blocks_earlier_warmup" time="0.013" /><testcase classname="tests.test_features" name="test_synthetic_future_mutation_and_appending_leave_past_features_unchanged" time="0.040" /><testcase classname="tests.test_features" name="test_synthetic_feature_clock_enforces_next_close_minus_hour" time="0.019" /><testcase classname="tests.test_features" name="test_synthetic_feature_clock_dst_and_half_day[2024-03-08-15]" time="0.066" /><testcase classname="tests.test_features" name="test_synthetic_feature_clock_dst_and_half_day[2024-11-27-12]" time="0.003" /><testcase classname="tests.test_ledger" name="test_split_creates_shares_not_return" time="0.065" /><testcase classname="tests.test_ledger" name="test_dividend_is_not_lost_or_double_counted" time="0.003" /><testcase classname="tests.test_ledger" name="test_split_and_dividend_use_same_current_share_units" time="0.001" /><testcase classname="tests.test_ledger" name="test_old_position_owns_execution_day_profit" time="0.002" /><testcase classname="tests.test_ledger" name="test_exact_buy_cost_and_post_fee_weight" time="0.000" /><testcase classname="tests.test_ledger" name="test_exact_sell_cost" time="0.000" /><testcase classname="tests.test_ledger" name="test_fixed_target_drift_still_has_real_turnover" time="0.002" /><testcase classname="tests.test_ledger" name="test_missing_signal_holds_shares_and_keeps_losses" time="0.002" /><testcase classname="tests.test_ledger" name="test_missing_front_signal_is_not_a_cash_exit" time="0.001" /><testcase classname="tests.test_ledger" name="test_future_prices_and_signals_do_not_change_prior_account" time="0.007" /><testcase classname="tests.test_ledger" name="test_label_uses_next_close_through_sixth_close_and_entry_relative_loss" time="0.002" /><testcase classname="tests.test_ledger" name="test_missing_future_path_does_not_become_zero_label" time="0.002" /><testcase classname="tests.test_ledger" name="test_label_maturity_and_assumed_availability_are_separate" time="0.004" /><testcase classname="tests.test_ledger" name="test_future_changes_do_not_change_already_matured_labels" time="0.003" /><testcase classname="tests.test_ledger" name="test_real_early_close_and_dst_clock" time="0.064" /><testcase classname="tests.test_ledger" name="test_continuous_account_has_no_five_day_overlapping_leverage" time="0.065" /><testcase classname="tests.test_ledger" name="test_ledger_reconciles_cash_shares_cost_and_equity" time="0.003" /><testcase classname="tests.test_ledger" name="test_missing_or_invalid_held_price_is_rejected[nan]" time="0.001" /><testcase classname="tests.test_ledger" name="test_missing_or_invalid_held_price_is_rejected[0]" time="0.000" /><testcase classname="tests.test_ledger" name="test_missing_or_invalid_held_price_is_rejected[-1]" time="0.000" /><testcase classname="tests.test_mechanism" name="test_switch_interaction_and_drift_identity" time="0.000" /><testcase classname="tests.test_mechanism" name="test_paths_exclude_information_to_execution_and_keep_partial_tail" time="0.001" /><testcase classname="tests.test_mechanism" name="test_offset_uses_calendar_and_does_not_forward_fill_target" time="0.000" /><testcase classname="tests.test_mechanism" name="test_ridge_influence_exact_equations_with_unpenalized_intercept" time="0.001" /><testcase classname="tests.test_mechanism" name="test_hac_is_parameter_uncertainty_and_keeps_calendar_gaps" time="0.000" /><testcase classname="tests.test_mechanism" name="test_variance_qlike_constant_targets_arithmetic_mean_not_geomean" time="0.000" /><testcase classname="tests.test_mechanism" name="test_events_merge_only_mature_training_rows_and_keep_positive_tail" time="0.000" /><testcase classname="tests.test_mechanism" name="test_blocks_wrap_and_preserve_missing_positions" time="0.000" /><testcase classname="tests.test_mechanism" name="test_mechanism_compatibility_requires_exact_prior_n1_record" time="0.004" /><testcase classname="tests.test_models" name="test_synthetic_maturity_cutoff_equality_and_future_labels" time="0.075" /><testcase classname="tests.test_models" name="test_synthetic_calendar_window_not_last_n_complete_rows" time="0.008" /><testcase classname="tests.test_models" name="test_synthetic_inner_blocks_purge_and_preserve_calendar_gaps" time="0.013" /><testcase classname="tests.test_models" name="test_synthetic_outer_and_inner_requirements_are_both_required" time="0.014" /><testcase classname="tests.test_models" name="test_synthetic_transform_fits_only_training_and_preserves_interactions[M1-19]" time="0.008" /><testcase classname="tests.test_models" name="test_synthetic_transform_fits_only_training_and_preserves_interactions[M2-63]" time="0.011" /><testcase classname="tests.test_models" name="test_synthetic_spline_extrapolation_is_linear_and_reported" time="0.010" /><testcase classname="tests.test_models" name="test_synthetic_m0_uses_same_mean_linear_quantile_and_jeffreys" time="0.008" /><testcase classname="tests.test_models" name="test_synthetic_single_class_logistic_fallback_is_marked[0]" time="0.013" /><testcase classname="tests.test_models" name="test_synthetic_single_class_logistic_fallback_is_marked[1]" time="0.013" /><testcase classname="tests.test_models" name="test_synthetic_projection_and_inner_scoring_use_same_values" time="0.000" /><testcase classname="tests.test_models" name="test_synthetic_grid_ties_prefer_stronger_shrinkage" time="0.060" /><testcase classname="tests.test_models" name="test_synthetic_locked_outcome_is_never_parsed_or_exposed" time="0.001" /><testcase classname="tests.test_models" name="test_synthetic_future_perturbation_leaves_prior_rolling_predictions_unchanged" time="0.891" /><testcase classname="tests.test_prediction_review" name="test_equal_frequency_keeps_identical_probabilities_together" time="0.002" /><testcase classname="tests.test_prediction_review" name="test_constant_probability_is_one_frequency_group_and_five_width_groups" time="0.002" /><testcase classname="tests.test_prediction_review" name="test_positive_intervals_merge_transitive_overlaps_but_not_gaps" time="0.001" /><testcase classname="tests.test_prediction_review" name="test_refit_comparison_ignores_only_actual_timing_and_rejects_value_change" time="0.004" /><testcase classname="tests.test_release" name="test_runtime_adapter_changes_only_evaluation_bounds" time="0.070" /><testcase classname="tests.test_release" name="test_saved_forward_prediction_reproduces_original_estimator[M0]" time="0.071" /><testcase classname="tests.test_release" name="test_saved_forward_prediction_reproduces_original_estimator[M1]" time="0.017" /><testcase classname="tests.test_release" name="test_saved_forward_prediction_reproduces_original_estimator[M2]" time="0.026" /><testcase classname="tests.test_release" name="test_real_exchange_holiday_clock_selects_future_execution" time="0.064" /><testcase classname="tests.test_release" name="test_early_close_deadline_and_late_generation_are_not_backdated" time="0.064" /><testcase classname="tests.test_release" name="test_freshness_and_received_time_are_independent_of_label_scoring" time="0.063" /><testcase classname="tests.test_release" name="test_update_cannot_revise_frozen_historical_values" time="0.001" /><testcase classname="tests.test_release" name="test_same_month_daily_reuses_state_and_never_calls_optimizer" time="0.001" /><testcase classname="tests.test_release" name="test_forward_outcome_stays_empty_until_complete_and_never_rewrites_prediction" time="0.002" /><testcase classname="tests.test_release" name="test_forward_monthly_refit_uses_actual_run_cutoff_not_future_deadline" time="0.141" /><testcase classname="tests.test_release" name="test_delayed_first_execution_needs_prior_accepted_forecast" time="0.009" /><testcase classname="tests.test_release_compatibility" name="test_explicit_amendment_keeps_original_and_rejects_unrecorded_change" time="0.004" /><testcase classname="tests.test_release_compatibility" name="test_amendment_cannot_reference_different_old_source" time="0.002" /></testsuite></testsuites>